<?xml version="1.0" encoding="UTF-8"?>
<testsuite xmlns:xsi="http://www.w3.org/2001/XMLSchema-instance" xsi:noNamespaceSchemaLocation="https://maven.apache.org/surefire/maven-surefire-plugin/xsd/surefire-test-report-3.0.xsd" version="3.0" name="TestSuite" time="121.445" tests="20" errors="0" skipped="0" failures="0">
  <properties>
    <property name="java.specification.version" value="23"/>
    <property name="webdriver.chrome.driver" value="C:\Users\lookf_tuq0yuy\.cache\selenium\chromedriver\win64\134.0.6998.165\chromedriver.exe"/>
    <property name="sun.cpu.isalist" value="amd64"/>
    <property name="sun.jnu.encoding" value="Cp1252"/>
    <property name="java.class.path" value="C:\Users\lookf_tuq0yuy\eclipse-workspace\DemoWebShop\target\test-classes;C:\Users\lookf_tuq0yuy\eclipse-workspace\DemoWebShop\target\classes;C:\Users\lookf_tuq0yuy\.m2\repository\org\seleniumhq\selenium\selenium-java\4.29.0\selenium-java-4.29.0.jar;C:\Users\lookf_tuq0yuy\.m2\repository\org\seleniumhq\selenium\selenium-api\4.29.0\selenium-api-4.29.0.jar;C:\Users\lookf_tuq0yuy\.m2\repository\org\jspecify\jspecify\1.0.0\jspecify-1.0.0.jar;C:\Users\lookf_tuq0yuy\.m2\repository\org\seleniumhq\selenium\selenium-chrome-driver\4.29.0\selenium-chrome-driver-4.29.0.jar;C:\Users\lookf_tuq0yuy\.m2\repository\com\google\auto\service\auto-service-annotations\1.1.1\auto-service-annotations-1.1.1.jar;C:\Users\lookf_tuq0yuy\.m2\repository\org\seleniumhq\selenium\selenium-chromium-driver\4.29.0\selenium-chromium-driver-4.29.0.jar;C:\Users\lookf_tuq0yuy\.m2\repository\org\seleniumhq\selenium\selenium-json\4.29.0\selenium-json-4.29.0.jar;C:\Users\lookf_tuq0yuy\.m2\repository\org\seleniumhq\selenium\selenium-manager\4.29.0\selenium-manager-4.29.0.jar;C:\Users\lookf_tuq0yuy\.m2\repository\org\seleniumhq\selenium\selenium-devtools-v131\4.29.0\selenium-devtools-v131-4.29.0.jar;C:\Users\lookf_tuq0yuy\.m2\repository\org\seleniumhq\selenium\selenium-devtools-v132\4.29.0\selenium-devtools-v132-4.29.0.jar;C:\Users\lookf_tuq0yuy\.m2\repository\org\seleniumhq\selenium\selenium-devtools-v133\4.29.0\selenium-devtools-v133-4.29.0.jar;C:\Users\lookf_tuq0yuy\.m2\repository\org\seleniumhq\selenium\selenium-devtools-v85\4.29.0\selenium-devtools-v85-4.29.0.jar;C:\Users\lookf_tuq0yuy\.m2\repository\org\seleniumhq\selenium\selenium-edge-driver\4.29.0\selenium-edge-driver-4.29.0.jar;C:\Users\lookf_tuq0yuy\.m2\repository\org\seleniumhq\selenium\selenium-firefox-driver\4.29.0\selenium-firefox-driver-4.29.0.jar;C:\Users\lookf_tuq0yuy\.m2\repository\org\seleniumhq\selenium\selenium-http\4.29.0\selenium-http-4.29.0.jar;C:\Users\lookf_tuq0yuy\.m2\repository\org\seleniumhq\selenium\selenium-ie-driver\4.29.0\selenium-ie-driver-4.29.0.jar;C:\Users\lookf_tuq0yuy\.m2\repository\org\seleniumhq\selenium\selenium-remote-driver\4.29.0\selenium-remote-driver-4.29.0.jar;C:\Users\lookf_tuq0yuy\.m2\repository\com\google\guava\guava\33.4.0-jre\guava-33.4.0-jre.jar;C:\Users\lookf_tuq0yuy\.m2\repository\com\google\guava\failureaccess\1.0.2\failureaccess-1.0.2.jar;C:\Users\lookf_tuq0yuy\.m2\repository\com\google\guava\listenablefuture\9999.0-empty-to-avoid-conflict-with-guava\listenablefuture-9999.0-empty-to-avoid-conflict-with-guava.jar;C:\Users\lookf_tuq0yuy\.m2\repository\com\google\code\findbugs\jsr305\3.0.2\jsr305-3.0.2.jar;C:\Users\lookf_tuq0yuy\.m2\repository\org\checkerframework\checker-qual\3.43.0\checker-qual-3.43.0.jar;C:\Users\lookf_tuq0yuy\.m2\repository\com\google\j2objc\j2objc-annotations\3.0.0\j2objc-annotations-3.0.0.jar;C:\Users\lookf_tuq0yuy\.m2\repository\io\opentelemetry\semconv\opentelemetry-semconv\1.28.0-alpha\opentelemetry-semconv-1.28.0-alpha.jar;C:\Users\lookf_tuq0yuy\.m2\repository\io\opentelemetry\opentelemetry-api\1.46.0\opentelemetry-api-1.46.0.jar;C:\Users\lookf_tuq0yuy\.m2\repository\io\opentelemetry\opentelemetry-context\1.46.0\opentelemetry-context-1.46.0.jar;C:\Users\lookf_tuq0yuy\.m2\repository\io\opentelemetry\opentelemetry-exporter-logging\1.46.0\opentelemetry-exporter-logging-1.46.0.jar;C:\Users\lookf_tuq0yuy\.m2\repository\io\opentelemetry\opentelemetry-sdk-common\1.46.0\opentelemetry-sdk-common-1.46.0.jar;C:\Users\lookf_tuq0yuy\.m2\repository\io\opentelemetry\opentelemetry-sdk-extension-autoconfigure-spi\1.46.0\opentelemetry-sdk-extension-autoconfigure-spi-1.46.0.jar;C:\Users\lookf_tuq0yuy\.m2\repository\io\opentelemetry\opentelemetry-sdk-extension-autoconfigure\1.46.0\opentelemetry-sdk-extension-autoconfigure-1.46.0.jar;C:\Users\lookf_tuq0yuy\.m2\repository\io\opentelemetry\opentelemetry-api-incubator\1.46.0-alpha\opentelemetry-api-incubator-1.46.0-alpha.jar;C:\Users\lookf_tuq0yuy\.m2\repository\io\opentelemetry\opentelemetry-sdk-trace\1.46.0\opentelemetry-sdk-trace-1.46.0.jar;C:\Users\lookf_tuq0yuy\.m2\repository\io\opentelemetry\opentelemetry-sdk\1.46.0\opentelemetry-sdk-1.46.0.jar;C:\Users\lookf_tuq0yuy\.m2\repository\io\opentelemetry\opentelemetry-sdk-metrics\1.46.0\opentelemetry-sdk-metrics-1.46.0.jar;C:\Users\lookf_tuq0yuy\.m2\repository\io\opentelemetry\opentelemetry-sdk-logs\1.46.0\opentelemetry-sdk-logs-1.46.0.jar;C:\Users\lookf_tuq0yuy\.m2\repository\net\bytebuddy\byte-buddy\1.15.11\byte-buddy-1.15.11.jar;C:\Users\lookf_tuq0yuy\.m2\repository\org\seleniumhq\selenium\selenium-os\4.29.0\selenium-os-4.29.0.jar;C:\Users\lookf_tuq0yuy\.m2\repository\org\apache\commons\commons-exec\1.4.0\commons-exec-1.4.0.jar;C:\Users\lookf_tuq0yuy\.m2\repository\org\seleniumhq\selenium\selenium-safari-driver\4.29.0\selenium-safari-driver-4.29.0.jar;C:\Users\lookf_tuq0yuy\.m2\repository\org\seleniumhq\selenium\selenium-support\4.29.0\selenium-support-4.29.0.jar;C:\Users\lookf_tuq0yuy\.m2\repository\io\github\bonigarcia\webdrivermanager\5.9.3\webdrivermanager-5.9.3.jar;C:\Users\lookf_tuq0yuy\.m2\repository\org\slf4j\slf4j-api\2.0.16\slf4j-api-2.0.16.jar;C:\Users\lookf_tuq0yuy\.m2\repository\com\google\code\gson\gson\2.12.1\gson-2.12.1.jar;C:\Users\lookf_tuq0yuy\.m2\repository\com\google\errorprone\error_prone_annotations\2.36.0\error_prone_annotations-2.36.0.jar;C:\Users\lookf_tuq0yuy\.m2\repository\com\github\docker-java\docker-java\3.4.1\docker-java-3.4.1.jar;C:\Users\lookf_tuq0yuy\.m2\repository\com\github\docker-java\docker-java-core\3.4.1\docker-java-core-3.4.1.jar;C:\Users\lookf_tuq0yuy\.m2\repository\com\github\docker-java\docker-java-api\3.4.1\docker-java-api-3.4.1.jar;C:\Users\lookf_tuq0yuy\.m2\repository\com\fasterxml\jackson\core\jackson-annotations\2.10.3\jackson-annotations-2.10.3.jar;C:\Users\lookf_tuq0yuy\.m2\repository\com\fasterxml\jackson\core\jackson-databind\2.10.3\jackson-databind-2.10.3.jar;C:\Users\lookf_tuq0yuy\.m2\repository\com\fasterxml\jackson\core\jackson-core\2.10.3\jackson-core-2.10.3.jar;C:\Users\lookf_tuq0yuy\.m2\repository\org\slf4j\jcl-over-slf4j\1.7.30\jcl-over-slf4j-1.7.30.jar;C:\Users\lookf_tuq0yuy\.m2\repository\com\github\docker-java\docker-java-transport-httpclient5\3.4.1\docker-java-transport-httpclient5-3.4.1.jar;C:\Users\lookf_tuq0yuy\.m2\repository\com\github\docker-java\docker-java-transport\3.4.1\docker-java-transport-3.4.1.jar;C:\Users\lookf_tuq0yuy\.m2\repository\net\java\dev\jna\jna\5.13.0\jna-5.13.0.jar;C:\Users\lookf_tuq0yuy\.m2\repository\org\brotli\dec\0.1.2\dec-0.1.2.jar;C:\Users\lookf_tuq0yuy\.m2\repository\org\apache\commons\commons-lang3\3.17.0\commons-lang3-3.17.0.jar;C:\Users\lookf_tuq0yuy\.m2\repository\org\apache\commons\commons-compress\1.27.1\commons-compress-1.27.1.jar;C:\Users\lookf_tuq0yuy\.m2\repository\commons-codec\commons-codec\1.17.1\commons-codec-1.17.1.jar;C:\Users\lookf_tuq0yuy\.m2\repository\org\apache\httpcomponents\client5\httpclient5\5.2.1\httpclient5-5.2.1.jar;C:\Users\lookf_tuq0yuy\.m2\repository\org\apache\httpcomponents\core5\httpcore5\5.2\httpcore5-5.2.jar;C:\Users\lookf_tuq0yuy\.m2\repository\org\apache\httpcomponents\core5\httpcore5-h2\5.2\httpcore5-h2-5.2.jar;C:\Users\lookf_tuq0yuy\.m2\repository\org\apache\poi\poi-ooxml\5.4.0\poi-ooxml-5.4.0.jar;C:\Users\lookf_tuq0yuy\.m2\repository\org\apache\poi\poi\5.4.0\poi-5.4.0.jar;C:\Users\lookf_tuq0yuy\.m2\repository\org\apache\commons\commons-math3\3.6.1\commons-math3-3.6.1.jar;C:\Users\lookf_tuq0yuy\.m2\repository\com\zaxxer\SparseBitSet\1.3\SparseBitSet-1.3.jar;C:\Users\lookf_tuq0yuy\.m2\repository\org\apache\poi\poi-ooxml-lite\5.4.0\poi-ooxml-lite-5.4.0.jar;C:\Users\lookf_tuq0yuy\.m2\repository\org\apache\xmlbeans\xmlbeans\5.3.0\xmlbeans-5.3.0.jar;C:\Users\lookf_tuq0yuy\.m2\repository\commons-io\commons-io\2.18.0\commons-io-2.18.0.jar;C:\Users\lookf_tuq0yuy\.m2\repository\com\github\virtuald\curvesapi\1.08\curvesapi-1.08.jar;C:\Users\lookf_tuq0yuy\.m2\repository\org\apache\logging\log4j\log4j-api\2.24.3\log4j-api-2.24.3.jar;C:\Users\lookf_tuq0yuy\.m2\repository\org\apache\commons\commons-collections4\4.4\commons-collections4-4.4.jar;C:\Users\lookf_tuq0yuy\.m2\repository\org\testng\testng\7.10.2\testng-7.10.2.jar;C:\Users\lookf_tuq0yuy\.m2\repository\com\beust\jcommander\1.82\jcommander-1.82.jar;C:\Users\lookf_tuq0yuy\.m2\repository\org\webjars\jquery\3.7.1\jquery-3.7.1.jar;C:\Users\lookf_tuq0yuy\.m2\repository\com\aventstack\extentreports\5.1.2\extentreports-5.1.2.jar;C:\Users\lookf_tuq0yuy\.m2\repository\io\reactivex\rxjava3\rxjava\3.1.6\rxjava-3.1.6.jar;C:\Users\lookf_tuq0yuy\.m2\repository\org\reactivestreams\reactive-streams\1.0.4\reactive-streams-1.0.4.jar;C:\Users\lookf_tuq0yuy\.m2\repository\org\freemarker\freemarker\2.3.32\freemarker-2.3.32.jar;C:\Users\lookf_tuq0yuy\.m2\repository\org\projectlombok\lombok\1.18.26\lombok-1.18.26.jar;C:\Users\lookf_tuq0yuy\.m2\repository\io\qameta\allure\allure-testng\2.29.1\allure-testng-2.29.1.jar;C:\Users\lookf_tuq0yuy\.m2\repository\io\qameta\allure\allure-java-commons\2.29.1\allure-java-commons-2.29.1.jar;C:\Users\lookf_tuq0yuy\.m2\repository\io\qameta\allure\allure-model\2.29.1\allure-model-2.29.1.jar;C:\Users\lookf_tuq0yuy\.m2\repository\io\qameta\allure\allure-test-filter\2.29.1\allure-test-filter-2.29.1.jar;C:\Users\lookf_tuq0yuy\.m2\repository\io\cucumber\cucumber-java\7.21.1\cucumber-java-7.21.1.jar;C:\Users\lookf_tuq0yuy\.m2\repository\io\cucumber\cucumber-core\7.21.1\cucumber-core-7.21.1.jar;C:\Users\lookf_tuq0yuy\.m2\repository\io\cucumber\cucumber-gherkin\7.21.1\cucumber-gherkin-7.21.1.jar;C:\Users\lookf_tuq0yuy\.m2\repository\io\cucumber\cucumber-gherkin-messages\7.21.1\cucumber-gherkin-messages-7.21.1.jar;C:\Users\lookf_tuq0yuy\.m2\repository\io\cucumber\gherkin\31.0.0\gherkin-31.0.0.jar;C:\Users\lookf_tuq0yuy\.m2\repository\io\cucumber\messages\27.2.0\messages-27.2.0.jar;C:\Users\lookf_tuq0yuy\.m2\repository\io\cucumber\testng-xml-formatter\0.3.1\testng-xml-formatter-0.3.1.jar;C:\Users\lookf_tuq0yuy\.m2\repository\io\cucumber\query\13.2.0\query-13.2.0.jar;C:\Users\lookf_tuq0yuy\.m2\repository\io\cucumber\tag-expressions\6.1.2\tag-expressions-6.1.2.jar;C:\Users\lookf_tuq0yuy\.m2\repository\io\cucumber\cucumber-expressions\18.0.1\cucumber-expressions-18.0.1.jar;C:\Users\lookf_tuq0yuy\.m2\repository\io\cucumber\datatable\7.21.1\datatable-7.21.1.jar;C:\Users\lookf_tuq0yuy\.m2\repository\io\cucumber\cucumber-plugin\7.21.1\cucumber-plugin-7.21.1.jar;C:\Users\lookf_tuq0yuy\.m2\repository\io\cucumber\docstring\7.21.1\docstring-7.21.1.jar;C:\Users\lookf_tuq0yuy\.m2\repository\io\cucumber\html-formatter\21.9.0\html-formatter-21.9.0.jar;C:\Users\lookf_tuq0yuy\.m2\repository\io\cucumber\junit-xml-formatter\0.7.1\junit-xml-formatter-0.7.1.jar;C:\Users\lookf_tuq0yuy\.m2\repository\io\cucumber\ci-environment\10.0.1\ci-environment-10.0.1.jar;C:\Users\lookf_tuq0yuy\.m2\repository\org\apiguardian\apiguardian-api\1.1.2\apiguardian-api-1.1.2.jar;C:\Users\lookf_tuq0yuy\.m2\repository\io\cucumber\cucumber-junit\7.21.1\cucumber-junit-7.21.1.jar;C:\Users\lookf_tuq0yuy\.m2\repository\junit\junit\4.13.2\junit-4.13.2.jar;C:\Users\lookf_tuq0yuy\.m2\repository\org\hamcrest\hamcrest-core\1.3\hamcrest-core-1.3.jar;C:\Users\lookf_tuq0yuy\.m2\repository\io\cucumber\cucumber-testng\7.21.1\cucumber-testng-7.21.1.jar;"/>
    <property name="java.vm.vendor" value="Oracle Corporation"/>
    <property name="sun.arch.data.model" value="64"/>
    <property name="user.variant" value=""/>
    <property name="java.vendor.url" value="https://java.oracle.com/"/>
    <property name="user.timezone" value="Asia/Calcutta"/>
    <property name="os.name" value="Windows 11"/>
    <property name="java.vm.specification.version" value="23"/>
    <property name="sun.java.launcher" value="SUN_STANDARD"/>
    <property name="user.country" value="IN"/>
    <property name="sun.boot.library.path" value="C:\Program Files\Java\jdk-23\bin"/>
    <property name="sun.java.command" value="C:\Users\lookf_tuq0yuy\AppData\Local\Temp\surefire9391028360101111724\surefirebooter-20250326115804796_3.jar C:\Users\lookf_tuq0yuy\AppData\Local\Temp\surefire9391028360101111724 2025-03-26T11-58-04_572-jvmRun1 surefire-20250326115804796_1tmp surefire_0-20250326115804796_2tmp"/>
    <property name="jdk.debug" value="release"/>
    <property name="surefire.test.class.path" value="C:\Users\lookf_tuq0yuy\eclipse-workspace\DemoWebShop\target\test-classes;C:\Users\lookf_tuq0yuy\eclipse-workspace\DemoWebShop\target\classes;C:\Users\lookf_tuq0yuy\.m2\repository\org\seleniumhq\selenium\selenium-java\4.29.0\selenium-java-4.29.0.jar;C:\Users\lookf_tuq0yuy\.m2\repository\org\seleniumhq\selenium\selenium-api\4.29.0\selenium-api-4.29.0.jar;C:\Users\lookf_tuq0yuy\.m2\repository\org\jspecify\jspecify\1.0.0\jspecify-1.0.0.jar;C:\Users\lookf_tuq0yuy\.m2\repository\org\seleniumhq\selenium\selenium-chrome-driver\4.29.0\selenium-chrome-driver-4.29.0.jar;C:\Users\lookf_tuq0yuy\.m2\repository\com\google\auto\service\auto-service-annotations\1.1.1\auto-service-annotations-1.1.1.jar;C:\Users\lookf_tuq0yuy\.m2\repository\org\seleniumhq\selenium\selenium-chromium-driver\4.29.0\selenium-chromium-driver-4.29.0.jar;C:\Users\lookf_tuq0yuy\.m2\repository\org\seleniumhq\selenium\selenium-json\4.29.0\selenium-json-4.29.0.jar;C:\Users\lookf_tuq0yuy\.m2\repository\org\seleniumhq\selenium\selenium-manager\4.29.0\selenium-manager-4.29.0.jar;C:\Users\lookf_tuq0yuy\.m2\repository\org\seleniumhq\selenium\selenium-devtools-v131\4.29.0\selenium-devtools-v131-4.29.0.jar;C:\Users\lookf_tuq0yuy\.m2\repository\org\seleniumhq\selenium\selenium-devtools-v132\4.29.0\selenium-devtools-v132-4.29.0.jar;C:\Users\lookf_tuq0yuy\.m2\repository\org\seleniumhq\selenium\selenium-devtools-v133\4.29.0\selenium-devtools-v133-4.29.0.jar;C:\Users\lookf_tuq0yuy\.m2\repository\org\seleniumhq\selenium\selenium-devtools-v85\4.29.0\selenium-devtools-v85-4.29.0.jar;C:\Users\lookf_tuq0yuy\.m2\repository\org\seleniumhq\selenium\selenium-edge-driver\4.29.0\selenium-edge-driver-4.29.0.jar;C:\Users\lookf_tuq0yuy\.m2\repository\org\seleniumhq\selenium\selenium-firefox-driver\4.29.0\selenium-firefox-driver-4.29.0.jar;C:\Users\lookf_tuq0yuy\.m2\repository\org\seleniumhq\selenium\selenium-http\4.29.0\selenium-http-4.29.0.jar;C:\Users\lookf_tuq0yuy\.m2\repository\org\seleniumhq\selenium\selenium-ie-driver\4.29.0\selenium-ie-driver-4.29.0.jar;C:\Users\lookf_tuq0yuy\.m2\repository\org\seleniumhq\selenium\selenium-remote-driver\4.29.0\selenium-remote-driver-4.29.0.jar;C:\Users\lookf_tuq0yuy\.m2\repository\com\google\guava\guava\33.4.0-jre\guava-33.4.0-jre.jar;C:\Users\lookf_tuq0yuy\.m2\repository\com\google\guava\failureaccess\1.0.2\failureaccess-1.0.2.jar;C:\Users\lookf_tuq0yuy\.m2\repository\com\google\guava\listenablefuture\9999.0-empty-to-avoid-conflict-with-guava\listenablefuture-9999.0-empty-to-avoid-conflict-with-guava.jar;C:\Users\lookf_tuq0yuy\.m2\repository\com\google\code\findbugs\jsr305\3.0.2\jsr305-3.0.2.jar;C:\Users\lookf_tuq0yuy\.m2\repository\org\checkerframework\checker-qual\3.43.0\checker-qual-3.43.0.jar;C:\Users\lookf_tuq0yuy\.m2\repository\com\google\j2objc\j2objc-annotations\3.0.0\j2objc-annotations-3.0.0.jar;C:\Users\lookf_tuq0yuy\.m2\repository\io\opentelemetry\semconv\opentelemetry-semconv\1.28.0-alpha\opentelemetry-semconv-1.28.0-alpha.jar;C:\Users\lookf_tuq0yuy\.m2\repository\io\opentelemetry\opentelemetry-api\1.46.0\opentelemetry-api-1.46.0.jar;C:\Users\lookf_tuq0yuy\.m2\repository\io\opentelemetry\opentelemetry-context\1.46.0\opentelemetry-context-1.46.0.jar;C:\Users\lookf_tuq0yuy\.m2\repository\io\opentelemetry\opentelemetry-exporter-logging\1.46.0\opentelemetry-exporter-logging-1.46.0.jar;C:\Users\lookf_tuq0yuy\.m2\repository\io\opentelemetry\opentelemetry-sdk-common\1.46.0\opentelemetry-sdk-common-1.46.0.jar;C:\Users\lookf_tuq0yuy\.m2\repository\io\opentelemetry\opentelemetry-sdk-extension-autoconfigure-spi\1.46.0\opentelemetry-sdk-extension-autoconfigure-spi-1.46.0.jar;C:\Users\lookf_tuq0yuy\.m2\repository\io\opentelemetry\opentelemetry-sdk-extension-autoconfigure\1.46.0\opentelemetry-sdk-extension-autoconfigure-1.46.0.jar;C:\Users\lookf_tuq0yuy\.m2\repository\io\opentelemetry\opentelemetry-api-incubator\1.46.0-alpha\opentelemetry-api-incubator-1.46.0-alpha.jar;C:\Users\lookf_tuq0yuy\.m2\repository\io\opentelemetry\opentelemetry-sdk-trace\1.46.0\opentelemetry-sdk-trace-1.46.0.jar;C:\Users\lookf_tuq0yuy\.m2\repository\io\opentelemetry\opentelemetry-sdk\1.46.0\opentelemetry-sdk-1.46.0.jar;C:\Users\lookf_tuq0yuy\.m2\repository\io\opentelemetry\opentelemetry-sdk-metrics\1.46.0\opentelemetry-sdk-metrics-1.46.0.jar;C:\Users\lookf_tuq0yuy\.m2\repository\io\opentelemetry\opentelemetry-sdk-logs\1.46.0\opentelemetry-sdk-logs-1.46.0.jar;C:\Users\lookf_tuq0yuy\.m2\repository\net\bytebuddy\byte-buddy\1.15.11\byte-buddy-1.15.11.jar;C:\Users\lookf_tuq0yuy\.m2\repository\org\seleniumhq\selenium\selenium-os\4.29.0\selenium-os-4.29.0.jar;C:\Users\lookf_tuq0yuy\.m2\repository\org\apache\commons\commons-exec\1.4.0\commons-exec-1.4.0.jar;C:\Users\lookf_tuq0yuy\.m2\repository\org\seleniumhq\selenium\selenium-safari-driver\4.29.0\selenium-safari-driver-4.29.0.jar;C:\Users\lookf_tuq0yuy\.m2\repository\org\seleniumhq\selenium\selenium-support\4.29.0\selenium-support-4.29.0.jar;C:\Users\lookf_tuq0yuy\.m2\repository\io\github\bonigarcia\webdrivermanager\5.9.3\webdrivermanager-5.9.3.jar;C:\Users\lookf_tuq0yuy\.m2\repository\org\slf4j\slf4j-api\2.0.16\slf4j-api-2.0.16.jar;C:\Users\lookf_tuq0yuy\.m2\repository\com\google\code\gson\gson\2.12.1\gson-2.12.1.jar;C:\Users\lookf_tuq0yuy\.m2\repository\com\google\errorprone\error_prone_annotations\2.36.0\error_prone_annotations-2.36.0.jar;C:\Users\lookf_tuq0yuy\.m2\repository\com\github\docker-java\docker-java\3.4.1\docker-java-3.4.1.jar;C:\Users\lookf_tuq0yuy\.m2\repository\com\github\docker-java\docker-java-core\3.4.1\docker-java-core-3.4.1.jar;C:\Users\lookf_tuq0yuy\.m2\repository\com\github\docker-java\docker-java-api\3.4.1\docker-java-api-3.4.1.jar;C:\Users\lookf_tuq0yuy\.m2\repository\com\fasterxml\jackson\core\jackson-annotations\2.10.3\jackson-annotations-2.10.3.jar;C:\Users\lookf_tuq0yuy\.m2\repository\com\fasterxml\jackson\core\jackson-databind\2.10.3\jackson-databind-2.10.3.jar;C:\Users\lookf_tuq0yuy\.m2\repository\com\fasterxml\jackson\core\jackson-core\2.10.3\jackson-core-2.10.3.jar;C:\Users\lookf_tuq0yuy\.m2\repository\org\slf4j\jcl-over-slf4j\1.7.30\jcl-over-slf4j-1.7.30.jar;C:\Users\lookf_tuq0yuy\.m2\repository\com\github\docker-java\docker-java-transport-httpclient5\3.4.1\docker-java-transport-httpclient5-3.4.1.jar;C:\Users\lookf_tuq0yuy\.m2\repository\com\github\docker-java\docker-java-transport\3.4.1\docker-java-transport-3.4.1.jar;C:\Users\lookf_tuq0yuy\.m2\repository\net\java\dev\jna\jna\5.13.0\jna-5.13.0.jar;C:\Users\lookf_tuq0yuy\.m2\repository\org\brotli\dec\0.1.2\dec-0.1.2.jar;C:\Users\lookf_tuq0yuy\.m2\repository\org\apache\commons\commons-lang3\3.17.0\commons-lang3-3.17.0.jar;C:\Users\lookf_tuq0yuy\.m2\repository\org\apache\commons\commons-compress\1.27.1\commons-compress-1.27.1.jar;C:\Users\lookf_tuq0yuy\.m2\repository\commons-codec\commons-codec\1.17.1\commons-codec-1.17.1.jar;C:\Users\lookf_tuq0yuy\.m2\repository\org\apache\httpcomponents\client5\httpclient5\5.2.1\httpclient5-5.2.1.jar;C:\Users\lookf_tuq0yuy\.m2\repository\org\apache\httpcomponents\core5\httpcore5\5.2\httpcore5-5.2.jar;C:\Users\lookf_tuq0yuy\.m2\repository\org\apache\httpcomponents\core5\httpcore5-h2\5.2\httpcore5-h2-5.2.jar;C:\Users\lookf_tuq0yuy\.m2\repository\org\apache\poi\poi-ooxml\5.4.0\poi-ooxml-5.4.0.jar;C:\Users\lookf_tuq0yuy\.m2\repository\org\apache\poi\poi\5.4.0\poi-5.4.0.jar;C:\Users\lookf_tuq0yuy\.m2\repository\org\apache\commons\commons-math3\3.6.1\commons-math3-3.6.1.jar;C:\Users\lookf_tuq0yuy\.m2\repository\com\zaxxer\SparseBitSet\1.3\SparseBitSet-1.3.jar;C:\Users\lookf_tuq0yuy\.m2\repository\org\apache\poi\poi-ooxml-lite\5.4.0\poi-ooxml-lite-5.4.0.jar;C:\Users\lookf_tuq0yuy\.m2\repository\org\apache\xmlbeans\xmlbeans\5.3.0\xmlbeans-5.3.0.jar;C:\Users\lookf_tuq0yuy\.m2\repository\commons-io\commons-io\2.18.0\commons-io-2.18.0.jar;C:\Users\lookf_tuq0yuy\.m2\repository\com\github\virtuald\curvesapi\1.08\curvesapi-1.08.jar;C:\Users\lookf_tuq0yuy\.m2\repository\org\apache\logging\log4j\log4j-api\2.24.3\log4j-api-2.24.3.jar;C:\Users\lookf_tuq0yuy\.m2\repository\org\apache\commons\commons-collections4\4.4\commons-collections4-4.4.jar;C:\Users\lookf_tuq0yuy\.m2\repository\org\testng\testng\7.10.2\testng-7.10.2.jar;C:\Users\lookf_tuq0yuy\.m2\repository\com\beust\jcommander\1.82\jcommander-1.82.jar;C:\Users\lookf_tuq0yuy\.m2\repository\org\webjars\jquery\3.7.1\jquery-3.7.1.jar;C:\Users\lookf_tuq0yuy\.m2\repository\com\aventstack\extentreports\5.1.2\extentreports-5.1.2.jar;C:\Users\lookf_tuq0yuy\.m2\repository\io\reactivex\rxjava3\rxjava\3.1.6\rxjava-3.1.6.jar;C:\Users\lookf_tuq0yuy\.m2\repository\org\reactivestreams\reactive-streams\1.0.4\reactive-streams-1.0.4.jar;C:\Users\lookf_tuq0yuy\.m2\repository\org\freemarker\freemarker\2.3.32\freemarker-2.3.32.jar;C:\Users\lookf_tuq0yuy\.m2\repository\org\projectlombok\lombok\1.18.26\lombok-1.18.26.jar;C:\Users\lookf_tuq0yuy\.m2\repository\io\qameta\allure\allure-testng\2.29.1\allure-testng-2.29.1.jar;C:\Users\lookf_tuq0yuy\.m2\repository\io\qameta\allure\allure-java-commons\2.29.1\allure-java-commons-2.29.1.jar;C:\Users\lookf_tuq0yuy\.m2\repository\io\qameta\allure\allure-model\2.29.1\allure-model-2.29.1.jar;C:\Users\lookf_tuq0yuy\.m2\repository\io\qameta\allure\allure-test-filter\2.29.1\allure-test-filter-2.29.1.jar;C:\Users\lookf_tuq0yuy\.m2\repository\io\cucumber\cucumber-java\7.21.1\cucumber-java-7.21.1.jar;C:\Users\lookf_tuq0yuy\.m2\repository\io\cucumber\cucumber-core\7.21.1\cucumber-core-7.21.1.jar;C:\Users\lookf_tuq0yuy\.m2\repository\io\cucumber\cucumber-gherkin\7.21.1\cucumber-gherkin-7.21.1.jar;C:\Users\lookf_tuq0yuy\.m2\repository\io\cucumber\cucumber-gherkin-messages\7.21.1\cucumber-gherkin-messages-7.21.1.jar;C:\Users\lookf_tuq0yuy\.m2\repository\io\cucumber\gherkin\31.0.0\gherkin-31.0.0.jar;C:\Users\lookf_tuq0yuy\.m2\repository\io\cucumber\messages\27.2.0\messages-27.2.0.jar;C:\Users\lookf_tuq0yuy\.m2\repository\io\cucumber\testng-xml-formatter\0.3.1\testng-xml-formatter-0.3.1.jar;C:\Users\lookf_tuq0yuy\.m2\repository\io\cucumber\query\13.2.0\query-13.2.0.jar;C:\Users\lookf_tuq0yuy\.m2\repository\io\cucumber\tag-expressions\6.1.2\tag-expressions-6.1.2.jar;C:\Users\lookf_tuq0yuy\.m2\repository\io\cucumber\cucumber-expressions\18.0.1\cucumber-expressions-18.0.1.jar;C:\Users\lookf_tuq0yuy\.m2\repository\io\cucumber\datatable\7.21.1\datatable-7.21.1.jar;C:\Users\lookf_tuq0yuy\.m2\repository\io\cucumber\cucumber-plugin\7.21.1\cucumber-plugin-7.21.1.jar;C:\Users\lookf_tuq0yuy\.m2\repository\io\cucumber\docstring\7.21.1\docstring-7.21.1.jar;C:\Users\lookf_tuq0yuy\.m2\repository\io\cucumber\html-formatter\21.9.0\html-formatter-21.9.0.jar;C:\Users\lookf_tuq0yuy\.m2\repository\io\cucumber\junit-xml-formatter\0.7.1\junit-xml-formatter-0.7.1.jar;C:\Users\lookf_tuq0yuy\.m2\repository\io\cucumber\ci-environment\10.0.1\ci-environment-10.0.1.jar;C:\Users\lookf_tuq0yuy\.m2\repository\org\apiguardian\apiguardian-api\1.1.2\apiguardian-api-1.1.2.jar;C:\Users\lookf_tuq0yuy\.m2\repository\io\cucumber\cucumber-junit\7.21.1\cucumber-junit-7.21.1.jar;C:\Users\lookf_tuq0yuy\.m2\repository\junit\junit\4.13.2\junit-4.13.2.jar;C:\Users\lookf_tuq0yuy\.m2\repository\org\hamcrest\hamcrest-core\1.3\hamcrest-core-1.3.jar;C:\Users\lookf_tuq0yuy\.m2\repository\io\cucumber\cucumber-testng\7.21.1\cucumber-testng-7.21.1.jar;"/>
    <property name="sun.cpu.endian" value="little"/>
    <property name="user.home" value="C:\Users\lookf_tuq0yuy"/>
    <property name="user.language" value="en"/>
    <property name="java.specification.vendor" value="Oracle Corporation"/>
    <property name="java.version.date" value="2025-01-21"/>
    <property name="java.home" value="C:\Program Files\Java\jdk-23"/>
    <property name="file.separator" value="\"/>
    <property name="basedir" value="C:\Users\lookf_tuq0yuy\eclipse-workspace\DemoWebShop"/>
    <property name="java.vm.compressedOopsMode" value="32-bit"/>
    <property name="line.separator" value="&#10;"/>
    <property name="java.vm.specification.vendor" value="Oracle Corporation"/>
    <property name="java.specification.name" value="Java Platform API Specification"/>
    <property name="surefire.real.class.path" value="C:\Users\lookf_tuq0yuy\AppData\Local\Temp\surefire9391028360101111724\surefirebooter-20250326115804796_3.jar"/>
    <property name="user.script" value=""/>
    <property name="sun.management.compiler" value="HotSpot 64-Bit Tiered Compilers"/>
    <property name="java.runtime.version" value="23.0.2+7-58"/>
    <property name="webdriver.edge.driver" value="C:\Users\lookf_tuq0yuy\.cache\selenium\msedgedriver\win64\134.0.3124.85\msedgedriver.exe"/>
    <property name="user.name" value="lookf_tuq0yuy"/>
    <property name="stdout.encoding" value="Cp1252"/>
    <property name="path.separator" value=";"/>
    <property name="os.version" value="10.0"/>
    <property name="java.runtime.name" value="Java(TM) SE Runtime Environment"/>
    <property name="file.encoding" value="UTF-8"/>
    <property name="java.vm.name" value="Java HotSpot(TM) 64-Bit Server VM"/>
    <property name="localRepository" value="C:\Users\lookf_tuq0yuy\.m2\repository"/>
    <property name="java.vendor.url.bug" value="https://bugreport.java.com/bugreport/"/>
    <property name="java.io.tmpdir" value="C:\Users\LOOKF_~1\AppData\Local\Temp\"/>
    <property name="java.version" value="23.0.2"/>
    <property name="user.dir" value="C:\Users\lookf_tuq0yuy\eclipse-workspace\DemoWebShop"/>
    <property name="os.arch" value="amd64"/>
    <property name="java.vm.specification.name" value="Java Virtual Machine Specification"/>
    <property name="sun.os.patch.level" value=""/>
    <property name="native.encoding" value="Cp1252"/>
    <property name="java.library.path" value="C:\Program Files\Java\jdk-23\bin;C:\WINDOWS\Sun\Java\bin;C:\WINDOWS\system32;C:\WINDOWS;C:\Program Files\Common Files\Oracle\Java\javapath;C:\Program Files (x86)\Intel\Intel(R) Management Engine Components\iCLS\;C:\Program Files\Intel\Intel(R) Management Engine Components\iCLS\;C:\windows\system32;C:\windows;C:\windows\System32\Wbem;C:\windows\System32\WindowsPowerShell\v1.0\;C:\windows\System32\OpenSSH\;C:\Program Files (x86)\Intel\Intel(R) Management Engine Components\DAL;C:\Program Files\Intel\Intel(R) Management Engine Components\DAL;C:\Program Files (x86)\Intel\Intel(R) Management Engine Components\IPT;C:\Program Files\Intel\Intel(R) Management Engine Components\IPT;C:\Program Files (x86)\NVIDIA Corporation\PhysX\Common;C:\Program Files\Intel\WiFi\bin\;C:\Program Files\Common Files\Intel\WirelessCommon\;C:\WINDOWS\system32;C:\WINDOWS;C:\WINDOWS\System32\Wbem;C:\WINDOWS\System32\WindowsPowerShell\v1.0\;C:\WINDOWS\System32\OpenSSH\;C:\Program Files\NVIDIA Corporation\NVIDIA NvDLISR;C:\MinGW\bin;C:\Program Files\Git\cmd;C:\Users\lookf_tuq0yuy\Downloads\Allure\allure-2.33.0\allure-2.33.0\bin;C:\Users\lookf_tuq0yuy\Downloads\Allure\apache-maven-3.9.9-bin\apache-maven-3.9.9\bin;C:\Program Files\MySQL\MySQL Shell 8.0\bin\;C:\Users\lookf_tuq0yuy\AppData\Local\Programs\Python\Python310\Scripts\;C:\Users\lookf_tuq0yuy\AppData\Local\Programs\Python\Python310\;C:\Users\lookf_tuq0yuy\AppData\Local\Microsoft\WindowsApps;;C:\Users\lookf_tuq0yuy\AppData\Local\Programs\Microsoft VS Code\bin;."/>
    <property name="java.vm.info" value="mixed mode, sharing"/>
    <property name="stderr.encoding" value="Cp1252"/>
    <property name="java.vendor" value="Oracle Corporation"/>
    <property name="java.vm.version" value="23.0.2+7-58"/>
    <property name="sun.io.unicode.encoding" value="UnicodeLittle"/>
    <property name="java.class.version" value="67.0"/>
  </properties>
  <testcase name="runScenario[&quot;User registers with invalid data&quot;, &quot;Demo Web Shop Testing&quot;](1)" classname="Runner.TestRunner" time="9.915">
    <system-out><![CDATA[
Scenario: User registers with invalid data     &amp#27;[90m# src/test/resources/features/demowebshop.feature:3&amp#27;[0m

Scenario: User registers with invalid data     &amp#27;[90m# src/test/resources/features/demowebshop.feature:3&amp#27;[0m
  &amp#27;[32mGiven &amp#27;[0m&amp#27;[32mUser is on the registration page&amp#27;[0m       &amp#27;[90m# StepsDefinition.DemoWebShopSteps.user_is_on_the_registration_page()&amp#27;[0m
  &amp#27;[32mGiven &amp#27;[0m&amp#27;[32mUser is on the registration page&amp#27;[0m       &amp#27;[90m# StepsDefinition.DemoWebShopSteps.user_is_on_the_registration_page()&amp#27;[0m
  &amp#27;[32mWhen &amp#27;[0m&amp#27;[32mUser enters invalid details in the form&amp#27;[0m &amp#27;[90m# StepsDefinition.DemoWebShopSteps.user_enters_invalid_details_in_the_form()&amp#27;[0m
  &amp#27;[32mWhen &amp#27;[0m&amp#27;[32mUser enters invalid details in the form&amp#27;[0m &amp#27;[90m# StepsDefinition.DemoWebShopSteps.user_enters_invalid_details_in_the_form()&amp#27;[0m
  &amp#27;[32mAnd &amp#27;[0m&amp#27;[32mUser click the register&amp#27;[0m                  &amp#27;[90m# StepsDefinition.DemoWebShopSteps.user_click_the_register()&amp#27;[0m
The specified email already exists
  &amp#27;[32mThen &amp#27;[0m&amp#27;[32mError message is displayed&amp#27;[0m              &amp#27;[90m# StepsDefinition.DemoWebShopSteps.error_message_is_displayed()&amp#27;[0m
  &amp#27;[32mAnd &amp#27;[0m&amp#27;[32mUser click the register&amp#27;[0m                  &amp#27;[90m# StepsDefinition.DemoWebShopSteps.user_click_the_register()&amp#27;[0m
]]></system-out>
    <system-err><![CDATA[SLF4J(W): No SLF4J providers were found.
SLF4J(W): Defaulting to no-operation (NOP) logger implementation
SLF4J(W): See https://www.slf4j.org/codes.html#noProviders for further details.
Mar 26, 2025 11:58:11 AM org.openqa.selenium.devtools.CdpVersionFinder findNearestMatch
WARNING: Unable to find an exact match for CDP version 134, returning the closest version; found: 133; Please update to a Selenium version that supports CDP version 134
Mar 26, 2025 11:58:11 AM org.openqa.selenium.devtools.CdpVersionFinder findNearestMatch
WARNING: Unable to find an exact match for CDP version 134, returning the closest version; found: 133; Please update to a Selenium version that supports CDP version 134
]]></system-err>
  </testcase>
  <testcase name="runScenario[&quot;User registers with invalid data&quot;, &quot;Demo Web Shop Testing&quot;](1)" classname="Runner.TestRunner" time="1.427">
    <system-out><![CDATA[The specified email already exists
  &amp#27;[32mThen &amp#27;[0m&amp#27;[32mError message is displayed&amp#27;[0m              &amp#27;[90m# StepsDefinition.DemoWebShopSteps.error_message_is_displayed()&amp#27;[0m

Scenario: User registers and logs in successfully         &amp#27;[90m# src/test/resources/features/demowebshop.feature:9&amp#27;[0m
]]></system-out>
    <system-err><![CDATA[Mar 26, 2025 11:58:18 AM org.openqa.selenium.devtools.CdpVersionFinder findNearestMatch
WARNING: Unable to find an exact match for CDP version 134, returning the closest version; found: 133; Please update to a Selenium version that supports CDP version 134
]]></system-err>
  </testcase>
  <testcase name="runScenario[&quot;User registers and logs in successfully&quot;, &quot;Demo Web Shop Testing&quot;](2)" classname="Runner.TestRunner" time="7.357">
    <system-out><![CDATA[
Scenario: User registers and logs in successfully         &amp#27;[90m# src/test/resources/features/demowebshop.feature:9&amp#27;[0m
  &amp#27;[32mGiven &amp#27;[0m&amp#27;[32mUser is on the registration page&amp#27;[0m                  &amp#27;[90m# StepsDefinition.DemoWebShopSteps.user_is_on_the_registration_page()&amp#27;[0m
  &amp#27;[32mWhen &amp#27;[0m&amp#27;[32mUser enters valid details in the form&amp#27;[0m              &amp#27;[90m# StepsDefinition.DemoWebShopSteps.user_enters_valid_details_in_the_form()&amp#27;[0m
  &amp#27;[32mGiven &amp#27;[0m&amp#27;[32mUser is on the registration page&amp#27;[0m                  &amp#27;[90m# StepsDefinition.DemoWebShopSteps.user_is_on_the_registration_page()&amp#27;[0m
  &amp#27;[32mWhen &amp#27;[0m&amp#27;[32mUser enters valid details in the form&amp#27;[0m              &amp#27;[90m# StepsDefinition.DemoWebShopSteps.user_enters_valid_details_in_the_form()&amp#27;[0m
  &amp#27;[32mAnd &amp#27;[0m&amp#27;[32mUser click the register&amp#27;[0m                             &amp#27;[90m# StepsDefinition.DemoWebShopSteps.user_click_the_register()&amp#27;[0m
Expected: Your registration completed
Actual: Your registration completed
  &amp#27;[32mThen &amp#27;[0m&amp#27;[32m&amp#27;[0m&amp#27;[32m&amp#27;[1m"Your registration completed"&amp#27;[0m&amp#27;[32m message is displayed&amp#27;[0m &amp#27;[90m# StepsDefinition.DemoWebShopSteps.message_is_displayed(java.lang.String)&amp#27;[0m
]]></system-out>
    <system-err><![CDATA[Mar 26, 2025 11:58:20 AM org.openqa.selenium.devtools.CdpVersionFinder findNearestMatch
WARNING: Unable to find an exact match for CDP version 134, returning the closest version; found: 133; Please update to a Selenium version that supports CDP version 134
]]></system-err>
  </testcase>
  <testcase name="runScenario[&quot;User registers and logs in successfully&quot;, &quot;Demo Web Shop Testing&quot;](2)" classname="Runner.TestRunner" time="3.334">
    <system-out><![CDATA[
Scenario Outline: User logs in with different credentials    &amp#27;[90m# src/test/resources/features/demowebshop.feature:22&amp#27;[0m
  &amp#27;[32mAnd &amp#27;[0m&amp#27;[32mUser click the register&amp#27;[0m                             &amp#27;[90m# StepsDefinition.DemoWebShopSteps.user_click_the_register()&amp#27;[0m
Expected: Your registration completed
Actual: Your registration completed
  &amp#27;[32mThen &amp#27;[0m&amp#27;[32m&amp#27;[0m&amp#27;[32m&amp#27;[1m"Your registration completed"&amp#27;[0m&amp#27;[32m message is displayed&amp#27;[0m &amp#27;[90m# StepsDefinition.DemoWebShopSteps.message_is_displayed(java.lang.String)&amp#27;[0m
]]></system-out>
    <system-err><![CDATA[Mar 26, 2025 11:58:27 AM org.openqa.selenium.devtools.CdpVersionFinder findNearestMatch
WARNING: Unable to find an exact match for CDP version 134, returning the closest version; found: 133; Please update to a Selenium version that supports CDP version 134
]]></system-err>
  </testcase>
  <testcase name="runScenario[&quot;User logs in with different credentials&quot;, &quot;Demo Web Shop Testing&quot;](3)" classname="Runner.TestRunner" time="4.043">
    <system-out><![CDATA[
Scenario Outline: User logs in with different credentials    &amp#27;[90m# src/test/resources/features/demowebshop.feature:22&amp#27;[0m
  &amp#27;[32mGiven &amp#27;[0m&amp#27;[32mUser is on home page&amp#27;[0m                                 &amp#27;[90m# StepsDefinition.DemoWebShopSteps.user_is_on_home_page()&amp#27;[0m
  &amp#27;[32mWhen &amp#27;[0m&amp#27;[32mUser enters &amp#27;[0m&amp#27;[32m&amp#27;[1m"invalid@example.com"&amp#27;[0m&amp#27;[32m and &amp#27;[0m&amp#27;[32m&amp#27;[1m"wrongpassword"&amp#27;[0m &amp#27;[90m# StepsDefinition.DemoWebShopSteps.user_enters_credentials(java.lang.String,java.lang.String)&amp#27;[0m
Test Passed: Error message is correctly displayed for invalid credentials.
  &amp#27;[32mThen &amp#27;[0m&amp#27;[32m&amp#27;[0m&amp#27;[32m&amp#27;[1m"The credentials provided are incorrect"&amp#27;[0m&amp#27;[32m is displayed&amp#27;[0m &amp#27;[90m# StepsDefinition.DemoWebShopSteps.verify_message_displayed(java.lang.String)&amp#27;[0m
]]></system-out>
    <system-err><![CDATA[Mar 26, 2025 11:58:30 AM org.openqa.selenium.devtools.CdpVersionFinder findNearestMatch
WARNING: Unable to find an exact match for CDP version 134, returning the closest version; found: 133; Please update to a Selenium version that supports CDP version 134
]]></system-err>
  </testcase>
  <testcase name="runScenario[&quot;User logs in with different credentials&quot;, &quot;Demo Web Shop Testing&quot;](3)" classname="Runner.TestRunner" time="4.715">
    <system-out><![CDATA[
Scenario Outline: User logs in with different credentials            &amp#27;[90m# src/test/resources/features/demowebshop.feature:23&amp#27;[0m
  &amp#27;[32mGiven &amp#27;[0m&amp#27;[32mUser is on home page&amp#27;[0m                                 &amp#27;[90m# StepsDefinition.DemoWebShopSteps.user_is_on_home_page()&amp#27;[0m
  &amp#27;[32mWhen &amp#27;[0m&amp#27;[32mUser enters &amp#27;[0m&amp#27;[32m&amp#27;[1m"invalid@example.com"&amp#27;[0m&amp#27;[32m and &amp#27;[0m&amp#27;[32m&amp#27;[1m"wrongpassword"&amp#27;[0m &amp#27;[90m# StepsDefinition.DemoWebShopSteps.user_enters_credentials(java.lang.String,java.lang.String)&amp#27;[0m
Test Passed: Error message is correctly displayed for invalid credentials.
  &amp#27;[32mThen &amp#27;[0m&amp#27;[32m&amp#27;[0m&amp#27;[32m&amp#27;[1m"The credentials provided are incorrect"&amp#27;[0m&amp#27;[32m is displayed&amp#27;[0m &amp#27;[90m# StepsDefinition.DemoWebShopSteps.verify_message_displayed(java.lang.String)&amp#27;[0m
]]></system-out>
    <system-err><![CDATA[Mar 26, 2025 11:58:34 AM org.openqa.selenium.devtools.CdpVersionFinder findNearestMatch
WARNING: Unable to find an exact match for CDP version 134, returning the closest version; found: 133; Please update to a Selenium version that supports CDP version 134
]]></system-err>
  </testcase>
  <testcase name="runScenario[&quot;User logs in with different credentials&quot;, &quot;Demo Web Shop Testing&quot;](4)" classname="Runner.TestRunner" time="2.071">
    <system-out><![CDATA[
Scenario Outline: User logs in with different credentials            &amp#27;[90m# src/test/resources/features/demowebshop.feature:23&amp#27;[0m
  &amp#27;[32mGiven &amp#27;[0m&amp#27;[32mUser is on home page&amp#27;[0m                                         &amp#27;[90m# StepsDefinition.DemoWebShopSteps.user_is_on_home_page()&amp#27;[0m
  &amp#27;[32mWhen &amp#27;[0m&amp#27;[32mUser enters &amp#27;[0m&amp#27;[32m&amp#27;[1m"testfunctionality@example.com"&amp#27;[0m&amp#27;[32m and &amp#27;[0m&amp#27;[32m&amp#27;[1m"Password123"&amp#27;[0m &amp#27;[90m# StepsDefinition.DemoWebShopSteps.user_enters_credentials(java.lang.String,java.lang.String)&amp#27;[0m
Test Passed: User successfully logged in, and email is displayed.
  &amp#27;[32mThen &amp#27;[0m&amp#27;[32m&amp#27;[0m&amp#27;[32m&amp#27;[1m"User Email Displayed"&amp#27;[0m&amp#27;[32m is displayed&amp#27;[0m                           &amp#27;[90m# StepsDefinition.DemoWebShopSteps.verify_message_displayed(java.lang.String)&amp#27;[0m
]]></system-out>
    <system-err><![CDATA[Mar 26, 2025 11:58:39 AM org.openqa.selenium.devtools.CdpVersionFinder findNearestMatch
WARNING: Unable to find an exact match for CDP version 134, returning the closest version; found: 133; Please update to a Selenium version that supports CDP version 134
]]></system-err>
  </testcase>
  <testcase name="runScenario[&quot;User logs in with different credentials&quot;, &quot;Demo Web Shop Testing&quot;](4)" classname="Runner.TestRunner" time="6.821">
    <system-out><![CDATA[
Scenario: User logs out successfully                &amp#27;[90m# src/test/resources/features/demowebshop.feature:25&amp#27;[0m
  &amp#27;[32mGiven &amp#27;[0m&amp#27;[32mUser is on home page&amp#27;[0m                                         &amp#27;[90m# StepsDefinition.DemoWebShopSteps.user_is_on_home_page()&amp#27;[0m
  &amp#27;[32mWhen &amp#27;[0m&amp#27;[32mUser enters &amp#27;[0m&amp#27;[32m&amp#27;[1m"testfunctionality@example.com"&amp#27;[0m&amp#27;[32m and &amp#27;[0m&amp#27;[32m&amp#27;[1m"Password123"&amp#27;[0m &amp#27;[90m# StepsDefinition.DemoWebShopSteps.user_enters_credentials(java.lang.String,java.lang.String)&amp#27;[0m
Test Passed: User successfully logged in, and email is displayed.
  &amp#27;[32mThen &amp#27;[0m&amp#27;[32m&amp#27;[0m&amp#27;[32m&amp#27;[1m"User Email Displayed"&amp#27;[0m&amp#27;[32m is displayed&amp#27;[0m                           &amp#27;[90m# StepsDefinition.DemoWebShopSteps.verify_message_displayed(java.lang.String)&amp#27;[0m
]]></system-out>
    <system-err><![CDATA[Mar 26, 2025 11:58:41 AM org.openqa.selenium.devtools.CdpVersionFinder findNearestMatch
WARNING: Unable to find an exact match for CDP version 134, returning the closest version; found: 133; Please update to a Selenium version that supports CDP version 134
]]></system-err>
  </testcase>
  <testcase name="runScenario[&quot;User logs out successfully&quot;, &quot;Demo Web Shop Testing&quot;](5)" classname="Runner.TestRunner" time="2.269">
    <system-out><![CDATA[
Scenario: User logs out successfully                &amp#27;[90m# src/test/resources/features/demowebshop.feature:25&amp#27;[0m
  &amp#27;[32mGiven &amp#27;[0m&amp#27;[32mUser is logged in&amp#27;[0m                           &amp#27;[90m# StepsDefinition.DemoWebShopSteps.user_is_logged_in()&amp#27;[0m
  &amp#27;[32mWhen &amp#27;[0m&amp#27;[32mUser clicks on the logout button&amp#27;[0m             &amp#27;[90m# StepsDefinition.DemoWebShopSteps.user_clicks_on_the_logout_button()&amp#27;[0m
Test Passed: User successfully logged out and login button is visible.
  &amp#27;[32mThen &amp#27;[0m&amp#27;[32mUser is logged out and sees the login button&amp#27;[0m &amp#27;[90m# StepsDefinition.DemoWebShopSteps.user_is_logged_out_and_sees_the_login_button()&amp#27;[0m
]]></system-out>
    <system-err><![CDATA[Mar 26, 2025 11:58:48 AM org.openqa.selenium.devtools.CdpVersionFinder findNearestMatch
WARNING: Unable to find an exact match for CDP version 134, returning the closest version; found: 133; Please update to a Selenium version that supports CDP version 134
]]></system-err>
  </testcase>
  <testcase name="runScenario[&quot;User logs out successfully&quot;, &quot;Demo Web Shop Testing&quot;](5)" classname="Runner.TestRunner" time="7.367">
    <system-out><![CDATA[
Scenario: Product Search and Add to Cart                                              &amp#27;[90m# src/test/resources/features/demowebshop.feature:30&amp#27;[0m
HomePage
  &amp#27;[32mGiven &amp#27;[0m&amp#27;[32mUser is on the homepage&amp#27;[0m                                                       &amp#27;[90m# StepsDefinition.DemoWebShopSteps.user_is_on_the_homepage()&amp#27;[0m
  &amp#27;[32mWhen &amp#27;[0m&amp#27;[32mUser search for a product&amp#27;[0m                                                      &amp#27;[90m# StepsDefinition.DemoWebShopSteps.user_search_for_a_product()&amp#27;[0m
  &amp#27;[32mGiven &amp#27;[0m&amp#27;[32mUser is logged in&amp#27;[0m                           &amp#27;[90m# StepsDefinition.DemoWebShopSteps.user_is_logged_in()&amp#27;[0m
  &amp#27;[32mAnd &amp#27;[0m&amp#27;[32mclicks the search button&amp#27;[0m                                                        &amp#27;[90m# StepsDefinition.DemoWebShopSteps.clicks_the_search_button()&amp#27;[0m
  &amp#27;[32mWhen &amp#27;[0m&amp#27;[32mUser clicks on the logout button&amp#27;[0m             &amp#27;[90m# StepsDefinition.DemoWebShopSteps.user_clicks_on_the_logout_button()&amp#27;[0m
Test Passed: User successfully logged out and login button is visible.
  &amp#27;[32mThen &amp#27;[0m&amp#27;[32mUser is logged out and sees the login button&amp#27;[0m &amp#27;[90m# StepsDefinition.DemoWebShopSteps.user_is_logged_out_and_sees_the_login_button()&amp#27;[0m
  &amp#27;[32mAnd &amp#27;[0m&amp#27;[32mclicks on the product from the search results&amp#27;[0m                                   &amp#27;[90m# StepsDefinition.DemoWebShopSteps.clicks_on_the_product_from_the_search_results()&amp#27;[0m
  &amp#27;[32mAnd &amp#27;[0m&amp#27;[32mclicks the Add to Cart button&amp#27;[0m                                                   &amp#27;[90m# StepsDefinition.DemoWebShopSteps.clicks_the_add_to_cart_button()&amp#27;[0m
]]></system-out>
    <system-err><![CDATA[Mar 26, 2025 11:58:50 AM org.openqa.selenium.devtools.CdpVersionFinder findNearestMatch
WARNING: Unable to find an exact match for CDP version 134, returning the closest version; found: 133; Please update to a Selenium version that supports CDP version 134
]]></system-err>
  </testcase>
  <testcase name="runScenario[&quot;Product Search and Add to Cart&quot;, &quot;Demo Web Shop Testing&quot;](6)" classname="Runner.TestRunner" time="0.479">
    <system-out><![CDATA[
Scenario: Product Search and Add to Cart                                              &amp#27;[90m# src/test/resources/features/demowebshop.feature:30&amp#27;[0m
Expected: The product has been added to your shopping cart
Actual: The product has been added to your shopping cart
  &amp#27;[32mThen &amp#27;[0m&amp#27;[32m&amp#27;[0m&amp#27;[32m&amp#27;[1m"The product has been added to your shopping cart"&amp#27;[0m&amp#27;[32m message should be displayed&amp#27;[0m &amp#27;[90m# StepsDefinition.DemoWebShopSteps.message_should_be_displayed(java.lang.String)&amp#27;[0m
]]></system-out>
  </testcase>
  <testcase name="runScenario[&quot;Product Search and Add to Cart&quot;, &quot;Demo Web Shop Testing&quot;](6)" classname="Runner.TestRunner" time="10.084">
    <system-out><![CDATA[
Scenario: Adding multiple products to cart and validating cart summary &amp#27;[90m# src/test/resources/features/demowebshop.feature:38&amp#27;[0m
HomePage
  &amp#27;[32mGiven &amp#27;[0m&amp#27;[32mUser is on the homepage&amp#27;[0m                                                       &amp#27;[90m# StepsDefinition.DemoWebShopSteps.user_is_on_the_homepage()&amp#27;[0m
  &amp#27;[32mWhen &amp#27;[0m&amp#27;[32mUser search for a product&amp#27;[0m                                                      &amp#27;[90m# StepsDefinition.DemoWebShopSteps.user_search_for_a_product()&amp#27;[0m
HomePage
  &amp#27;[32mGiven &amp#27;[0m&amp#27;[32mUser is on the homepage&amp#27;[0m                                        &amp#27;[90m# StepsDefinition.DemoWebShopSteps.user_is_on_the_homepage()&amp#27;[0m
  &amp#27;[32mAnd &amp#27;[0m&amp#27;[32mclicks the search button&amp#27;[0m                                                        &amp#27;[90m# StepsDefinition.DemoWebShopSteps.clicks_the_search_button()&amp#27;[0m
  &amp#27;[32mAnd &amp#27;[0m&amp#27;[32mclicks on the product from the search results&amp#27;[0m                                   &amp#27;[90m# StepsDefinition.DemoWebShopSteps.clicks_on_the_product_from_the_search_results()&amp#27;[0m
  &amp#27;[32mAnd &amp#27;[0m&amp#27;[32mclicks the Add to Cart button&amp#27;[0m                                                   &amp#27;[90m# StepsDefinition.DemoWebShopSteps.clicks_the_add_to_cart_button()&amp#27;[0m
Expected: The product has been added to your shopping cart
Actual: The product has been added to your shopping cart
  &amp#27;[32mThen &amp#27;[0m&amp#27;[32m&amp#27;[0m&amp#27;[32m&amp#27;[1m"The product has been added to your shopping cart"&amp#27;[0m&amp#27;[32m message should be displayed&amp#27;[0m &amp#27;[90m# StepsDefinition.DemoWebShopSteps.message_should_be_displayed(java.lang.String)&amp#27;[0m
  &amp#27;[32mWhen &amp#27;[0m&amp#27;[32mUser searches for the first product and adds it to the cart&amp#27;[0m     &amp#27;[90m# StepsDefinition.DemoWebShopSteps.user_searches_for_the_first_product_and_adds_it_to_the_cart()&amp#27;[0m
]]></system-out>
    <system-err><![CDATA[Mar 26, 2025 11:58:58 AM org.openqa.selenium.devtools.CdpVersionFinder findNearestMatch
WARNING: Unable to find an exact match for CDP version 134, returning the closest version; found: 133; Please update to a Selenium version that supports CDP version 134
Mar 26, 2025 11:58:59 AM org.openqa.selenium.devtools.CdpVersionFinder findNearestMatch
WARNING: Unable to find an exact match for CDP version 134, returning the closest version; found: 133; Please update to a Selenium version that supports CDP version 134
]]></system-err>
  </testcase>
  <testcase name="runScenario[&quot;Adding multiple products to cart and validating cart summary&quot;, &quot;Demo Web Shop Testing&quot;](7)" classname="Runner.TestRunner" time="4.928">
    <system-out><![CDATA[
Scenario: Adding multiple products to cart and validating cart summary &amp#27;[90m# src/test/resources/features/demowebshop.feature:38&amp#27;[0m
  &amp#27;[32mAnd &amp#27;[0m&amp#27;[32mUser searches for the second product and adds it to the cart&amp#27;[0m     &amp#27;[90m# StepsDefinition.DemoWebShopSteps.user_searches_for_the_second_product_and_adds_it_to_the_cart()&amp#27;[0m
  &amp#27;[32mAnd &amp#27;[0m&amp#27;[32mUser navigates to the cart page&amp#27;[0m                                  &amp#27;[90m# StepsDefinition.DemoWebShopSteps.user_navigates_to_the_cart_page()&amp#27;[0m
First product title matched.
Second product title matched.
  &amp#27;[32mThen &amp#27;[0m&amp#27;[32mBoth products should be displayed in the cart&amp#27;[0m                   &amp#27;[90m# StepsDefinition.DemoWebShopSteps.both_products_should_be_displayed_in_the_cart()&amp#27;[0m
Total price matched.
  &amp#27;[32mAnd &amp#27;[0m&amp#27;[32mTotal price should be displayed&amp#27;[0m                                  &amp#27;[90m# StepsDefinition.DemoWebShopSteps.total_price_should_be_displayed()&amp#27;[0m
]]></system-out>
    <system-err><![CDATA[Mar 26, 2025 11:59:08 AM org.openqa.selenium.devtools.CdpVersionFinder findNearestMatch
WARNING: Unable to find an exact match for CDP version 134, returning the closest version; found: 133; Please update to a Selenium version that supports CDP version 134
]]></system-err>
  </testcase>
  <testcase name="runScenario[&quot;Adding multiple products to cart and validating cart summary&quot;, &quot;Demo Web Shop Testing&quot;](7)" classname="Runner.TestRunner" time="0.012">
    <system-out><![CDATA[
Scenario: Checkout Process with Invalid Data Handling &amp#27;[90m# src/test/resources/features/demowebshop.feature:53&amp#27;[0m
]]></system-out>
  </testcase>
  <testcase name="runScenario[&quot;Applying a Coupon Code and Verifying Discount&quot;, &quot;Demo Web Shop Testing&quot;](8)" classname="Runner.TestRunner" time="9.724">
    <system-out><![CDATA[
Scenario: Applying a Coupon Code and Verifying Discount                &amp#27;[90m# src/test/resources/features/demowebshop.feature:46&amp#27;[0m
HomePage
  &amp#27;[32mGiven &amp#27;[0m&amp#27;[32mUser is on the homepage&amp#27;[0m                                        &amp#27;[90m# StepsDefinition.DemoWebShopSteps.user_is_on_the_homepage()&amp#27;[0m
  &amp#27;[32mWhen &amp#27;[0m&amp#27;[32mUser searches for the first product and adds it to the cart&amp#27;[0m     &amp#27;[90m# StepsDefinition.DemoWebShopSteps.user_searches_for_the_first_product_and_adds_it_to_the_cart()&amp#27;[0m
  &amp#27;[32mGiven &amp#27;[0m&amp#27;[32mUser adds a product to the cart&amp#27;[0m                                &amp#27;[90m# StepsDefinition.DemoWebShopSteps.user_adds_a_product_to_the_cart()&amp#27;[0m
  &amp#27;[32mAnd &amp#27;[0m&amp#27;[32mUser searches for the second product and adds it to the cart&amp#27;[0m     &amp#27;[90m# StepsDefinition.DemoWebShopSteps.user_searches_for_the_second_product_and_adds_it_to_the_cart()&amp#27;[0m
  &amp#27;[32mAnd &amp#27;[0m&amp#27;[32mUser navigates to the cart page&amp#27;[0m                                  &amp#27;[90m# StepsDefinition.DemoWebShopSteps.user_navigates_to_the_cart_page()&amp#27;[0m
First product title matched.
Second product title matched.
  &amp#27;[32mThen &amp#27;[0m&amp#27;[32mBoth products should be displayed in the cart&amp#27;[0m                   &amp#27;[90m# StepsDefinition.DemoWebShopSteps.both_products_should_be_displayed_in_the_cart()&amp#27;[0m
Total price matched.
  &amp#27;[32mAnd &amp#27;[0m&amp#27;[32mTotal price should be displayed&amp#27;[0m                                  &amp#27;[90m# StepsDefinition.DemoWebShopSteps.total_price_should_be_displayed()&amp#27;[0m
  &amp#27;[32mAnd &amp#27;[0m&amp#27;[32mUser navigates to the checkout page&amp#27;[0m                              &amp#27;[90m# StepsDefinition.DemoWebShopSteps.user_navigates_to_the_checkout_page()&amp#27;[0m
  &amp#27;[32mWhen &amp#27;[0m&amp#27;[32mUser enters a coupon code&amp#27;[0m                                       &amp#27;[90m# StepsDefinition.DemoWebShopSteps.user_enters_a_coupon_code()&amp#27;[0m
  &amp#27;[32mThen &amp#27;[0m&amp#27;[32mUser should be able to see whether the coupon is applied or not&amp#27;[0m &amp#27;[90m# StepsDefinition.DemoWebShopSteps.user_should_be_able_to_see_whether_the_coupon_is_applied_or_not()&amp#27;[0m
Displayed message: The coupon code you entered couldn't be applied to your order
  &amp#27;[32mAnd &amp#27;[0m&amp#27;[32mRelevant message should be displayed&amp#27;[0m                             &amp#27;[90m# StepsDefinition.DemoWebShopSteps.a_relevant_message_should_be_displayed()&amp#27;[0m
]]></system-out>
    <system-err><![CDATA[Mar 26, 2025 11:59:13 AM org.openqa.selenium.devtools.CdpVersionFinder findNearestMatch
WARNING: Unable to find an exact match for CDP version 134, returning the closest version; found: 133; Please update to a Selenium version that supports CDP version 134
]]></system-err>
  </testcase>
  <testcase name="runScenario[&quot;Applying a Coupon Code and Verifying Discount&quot;, &quot;Demo Web Shop Testing&quot;](8)" classname="Runner.TestRunner" time="11.035">
    <system-out><![CDATA[
Scenario: Applying a Coupon Code and Verifying Discount                &amp#27;[90m# src/test/resources/features/demowebshop.feature:46&amp#27;[0m
  &amp#27;[32mGiven &amp#27;[0m&amp#27;[32mUser added a product to the cart&amp#27;[0m              &amp#27;[90m# StepsDefinition.DemoWebShopSteps.user_added_a_product_to_the_cart()&amp#27;[0m
  &amp#27;[32mGiven &amp#27;[0m&amp#27;[32mUser adds a product to the cart&amp#27;[0m                                &amp#27;[90m# StepsDefinition.DemoWebShopSteps.user_adds_a_product_to_the_cart()&amp#27;[0m
  &amp#27;[32mAnd &amp#27;[0m&amp#27;[32mUser is on the cart page&amp#27;[0m                        &amp#27;[90m# StepsDefinition.DemoWebShopSteps.user_is_on_the_cart_page()&amp#27;[0m
  &amp#27;[32mAnd &amp#27;[0m&amp#27;[32mUser navigates to the checkout page&amp#27;[0m                              &amp#27;[90m# StepsDefinition.DemoWebShopSteps.user_navigates_to_the_checkout_page()&amp#27;[0m
  &amp#27;[32mWhen &amp#27;[0m&amp#27;[32mUser enters a coupon code&amp#27;[0m                                       &amp#27;[90m# StepsDefinition.DemoWebShopSteps.user_enters_a_coupon_code()&amp#27;[0m
  &amp#27;[32mThen &amp#27;[0m&amp#27;[32mUser should be able to see whether the coupon is applied or not&amp#27;[0m &amp#27;[90m# StepsDefinition.DemoWebShopSteps.user_should_be_able_to_see_whether_the_coupon_is_applied_or_not()&amp#27;[0m
Displayed message: The coupon code you entered couldn't be applied to your order
  &amp#27;[32mAnd &amp#27;[0m&amp#27;[32mRelevant message should be displayed&amp#27;[0m                             &amp#27;[90m# StepsDefinition.DemoWebShopSteps.a_relevant_message_should_be_displayed()&amp#27;[0m
]]></system-out>
    <system-err><![CDATA[Mar 26, 2025 11:59:24 AM org.openqa.selenium.devtools.CdpVersionFinder findNearestMatch
WARNING: Unable to find an exact match for CDP version 134, returning the closest version; found: 133; Please update to a Selenium version that supports CDP version 134
Mar 26, 2025 11:59:24 AM org.openqa.selenium.devtools.CdpVersionFinder findNearestMatch
WARNING: Unable to find an exact match for CDP version 134, returning the closest version; found: 133; Please update to a Selenium version that supports CDP version 134
]]></system-err>
  </testcase>
  <testcase name="runScenario[&quot;Checkout Process with Invalid Data Handling&quot;, &quot;Demo Web Shop Testing&quot;](9)" classname="Runner.TestRunner" time="3.091">
    <system-out><![CDATA[  &amp#27;[32mWhen &amp#27;[0m&amp#27;[32mUser clicks the checkout button&amp#27;[0m                &amp#27;[90m# StepsDefinition.DemoWebShopSteps.user_clicks_the_checkout_button()&amp#27;[0m

Scenario: Checkout Process with Invalid Data Handling &amp#27;[90m# src/test/resources/features/demowebshop.feature:53&amp#27;[0m
  &amp#27;[32mWhen &amp#27;[0m&amp#27;[32mUser enters invalid shipping details&amp#27;[0m           &amp#27;[90m# StepsDefinition.DemoWebShopSteps.user_enters_invalid_shipping_details()&amp#27;[0m
Error: Wrong email
  &amp#27;[32mThen &amp#27;[0m&amp#27;[32mError message should be displayed&amp#27;[0m              &amp#27;[90m# StepsDefinition.DemoWebShopSteps.error_message_should_be_displayed()&amp#27;[0m
]]></system-out>
    <system-err><![CDATA[Mar 26, 2025 11:59:34 AM org.openqa.selenium.devtools.CdpVersionFinder findNearestMatch
WARNING: Unable to find an exact match for CDP version 134, returning the closest version; found: 133; Please update to a Selenium version that supports CDP version 134
]]></system-err>
  </testcase>
  <testcase name="runScenario[&quot;Checkout Process with Invalid Data Handling&quot;, &quot;Demo Web Shop Testing&quot;](9)" classname="Runner.TestRunner" time="10.606">
    <system-out><![CDATA[
Scenario: Checkout Process with Valid Data Handling   &amp#27;[90m# src/test/resources/features/demowebshop.feature:60&amp#27;[0m
  &amp#27;[32mGiven &amp#27;[0m&amp#27;[32mUser added a product to the cart&amp#27;[0m              &amp#27;[90m# StepsDefinition.DemoWebShopSteps.user_added_a_product_to_the_cart()&amp#27;[0m
  &amp#27;[32mAnd &amp#27;[0m&amp#27;[32mUser is on the cart page&amp#27;[0m                        &amp#27;[90m# StepsDefinition.DemoWebShopSteps.user_is_on_the_cart_page()&amp#27;[0m
  &amp#27;[32mGiven &amp#27;[0m&amp#27;[32mUser added a product to the cart&amp#27;[0m              &amp#27;[90m# StepsDefinition.DemoWebShopSteps.user_added_a_product_to_the_cart()&amp#27;[0m
  &amp#27;[32mAnd &amp#27;[0m&amp#27;[32mUser is on the cart page&amp#27;[0m                        &amp#27;[90m# StepsDefinition.DemoWebShopSteps.user_is_on_the_cart_page()&amp#27;[0m
  &amp#27;[32mWhen &amp#27;[0m&amp#27;[32mUser clicks the checkout button&amp#27;[0m                &amp#27;[90m# StepsDefinition.DemoWebShopSteps.user_clicks_the_checkout_button()&amp#27;[0m
  &amp#27;[32mWhen &amp#27;[0m&amp#27;[32mUser enters invalid shipping details&amp#27;[0m           &amp#27;[90m# StepsDefinition.DemoWebShopSteps.user_enters_invalid_shipping_details()&amp#27;[0m
Error: Wrong email
  &amp#27;[32mThen &amp#27;[0m&amp#27;[32mError message should be displayed&amp#27;[0m              &amp#27;[90m# StepsDefinition.DemoWebShopSteps.error_message_should_be_displayed()&amp#27;[0m
  &amp#27;[32mWhen &amp#27;[0m&amp#27;[32mUser clicks the checkout button&amp#27;[0m                &amp#27;[90m# StepsDefinition.DemoWebShopSteps.user_clicks_the_checkout_button()&amp#27;[0m
]]></system-out>
    <system-err><![CDATA[Mar 26, 2025 11:59:37 AM org.openqa.selenium.devtools.CdpVersionFinder findNearestMatch
WARNING: Unable to find an exact match for CDP version 134, returning the closest version; found: 133; Please update to a Selenium version that supports CDP version 134
]]></system-err>
  </testcase>
  <testcase name="runScenario[&quot;Checkout Process with Valid Data Handling&quot;, &quot;Demo Web Shop Testing&quot;](10)" classname="Runner.TestRunner" time="8.084">
    <system-out><![CDATA[
Scenario: Checkout Process with Valid Data Handling   &amp#27;[90m# src/test/resources/features/demowebshop.feature:60&amp#27;[0m
  &amp#27;[32mWhen &amp#27;[0m&amp#27;[32mUser enters valid shipping details&amp#27;[0m             &amp#27;[90m# StepsDefinition.DemoWebShopSteps.user_enters_valid_shipping_details()&amp#27;[0m
  &amp#27;[32mAnd &amp#27;[0m&amp#27;[32mCompletes the checkout process&amp#27;[0m                  &amp#27;[90m# StepsDefinition.DemoWebShopSteps.completes_the_checkout_process()&amp#27;[0m
  &amp#27;[32mGiven &amp#27;[0m&amp#27;[32mUser added a product to the cart&amp#27;[0m              &amp#27;[90m# StepsDefinition.DemoWebShopSteps.user_added_a_product_to_the_cart()&amp#27;[0m
Success: Your order has been successfully processed!
  &amp#27;[32mThen &amp#27;[0m&amp#27;[32mOrder confirmation message should be displayed&amp#27;[0m &amp#27;[90m# StepsDefinition.DemoWebShopSteps.order_confirmation_message_should_be_displayed()&amp#27;[0m
]]></system-out>
    <system-err><![CDATA[Mar 26, 2025 11:59:48 AM org.openqa.selenium.devtools.CdpVersionFinder findNearestMatch
WARNING: Unable to find an exact match for CDP version 134, returning the closest version; found: 133; Please update to a Selenium version that supports CDP version 134
]]></system-err>
  </testcase>
  <testcase name="runScenario[&quot;Checkout Process with Valid Data Handling&quot;, &quot;Demo Web Shop Testing&quot;](10)" classname="Runner.TestRunner" time="19.95">
    <system-out><![CDATA[  &amp#27;[32mAnd &amp#27;[0m&amp#27;[32mUser is on the cart page&amp#27;[0m                        &amp#27;[90m# StepsDefinition.DemoWebShopSteps.user_is_on_the_cart_page()&amp#27;[0m
  &amp#27;[32mWhen &amp#27;[0m&amp#27;[32mUser clicks the checkout button&amp#27;[0m                &amp#27;[90m# StepsDefinition.DemoWebShopSteps.user_clicks_the_checkout_button()&amp#27;[0m
  &amp#27;[32mWhen &amp#27;[0m&amp#27;[32mUser enters valid shipping details&amp#27;[0m             &amp#27;[90m# StepsDefinition.DemoWebShopSteps.user_enters_valid_shipping_details()&amp#27;[0m
  &amp#27;[32mAnd &amp#27;[0m&amp#27;[32mCompletes the checkout process&amp#27;[0m                  &amp#27;[90m# StepsDefinition.DemoWebShopSteps.completes_the_checkout_process()&amp#27;[0m
Success: Your order has been successfully processed!
  &amp#27;[32mThen &amp#27;[0m&amp#27;[32mOrder confirmation message should be displayed&amp#27;[0m &amp#27;[90m# StepsDefinition.DemoWebShopSteps.order_confirmation_message_should_be_displayed()&amp#27;[0m
]]></system-out>
  </testcase>
</testsuite>