<?xml version="1.0" encoding="UTF-8"?>
<!-- Generated by org.testng.reporters.JUnitReportReporter -->
<testsuite hostname="HPEnvy" failures="0" tests="10" name="Runner.TestRunner" time="90.494" errors="0" timestamp="2025-03-26T12:10:34 IST" skipped="0">
  <testcase classname="Runner.TestRunner" name="runScenario" time="7.837"/>
  <system-out/>
  <testcase classname="Runner.TestRunner" name="runScenario" time="8.622"/>
  <system-out/>
  <testcase classname="Runner.TestRunner" name="runScenario" time="11.527"/>
  <system-out/>
  <testcase classname="Runner.TestRunner" name="runScenario" time="8.015"/>
  <system-out/>
  <testcase classname="Runner.TestRunner" name="runScenario" time="7.417"/>
  <system-out/>
  <testcase classname="Runner.TestRunner" name="runScenario" time="5.870"/>
  <system-out/>
  <testcase classname="Runner.TestRunner" name="runScenario" time="16.769"/>
  <system-out/>
  <testcase classname="Runner.TestRunner" name="runScenario" time="7.422"/>
  <system-out/>
  <testcase classname="Runner.TestRunner" name="runScenario" time="6.786"/>
  <system-out/>
  <testcase classname="Runner.TestRunner" name="runScenario" time="10.229"/>
  <system-out/>
</testsuite> <!-- Runner.TestRunner -->
