<?xml version="1.0" encoding="UTF-8"?>
<!-- Generated by org.testng.reporters.JUnitReportReporter -->
<testsuite hostname="HPEnvy" failures="0" tests="20" name="Runner.TestRunner" time="226.645" errors="0" timestamp="2025-03-26T12:00:06 IST" skipped="0">
  <testcase classname="Runner.TestRunner" name="runScenario" time="8.798"/>
  <testcase classname="Runner.TestRunner" name="runScenario" time="7.380"/>
  <testcase classname="Runner.TestRunner" name="runScenario" time="9.723"/>
  <testcase classname="Runner.TestRunner" name="runScenario" time="14.145"/>
  <testcase classname="Runner.TestRunner" name="runScenario" time="18.694"/>
  <testcase classname="Runner.TestRunner" name="runScenario" time="9.641"/>
  <testcase classname="Runner.TestRunner" name="runScenario" time="6.790"/>
  <testcase classname="Runner.TestRunner" name="runScenario" time="10.564"/>
  <testcase classname="Runner.TestRunner" name="runScenario" time="7.848"/>
  <testcase classname="Runner.TestRunner" name="runScenario" time="11.033"/>
  <testcase classname="Runner.TestRunner" name="runScenario" time="11.353"/>
  <testcase classname="Runner.TestRunner" name="runScenario" time="13.707"/>
  <testcase classname="Runner.TestRunner" name="runScenario" time="8.895"/>
  <testcase classname="Runner.TestRunner" name="runScenario" time="9.892"/>
  <testcase classname="Runner.TestRunner" name="runScenario" time="9.092"/>
  <testcase classname="Runner.TestRunner" name="runScenario" time="14.669"/>
  <testcase classname="Runner.TestRunner" name="runScenario" time="15.015"/>
  <testcase classname="Runner.TestRunner" name="runScenario" time="19.954"/>
  <testcase classname="Runner.TestRunner" name="runScenario" time="8.759"/>
  <testcase classname="Runner.TestRunner" name="runScenario" time="10.693"/>
</testsuite> <!-- Runner.TestRunner -->
